        -:    0:Source:/data/xcy/llvm-project-fdbc55a5-1/mlir/lib/Conversion/LLVMCommon/LoweringOptions.cpp
        -:    0:Graph:../tools/mlir/lib/Conversion/LLVMCommon/CMakeFiles/obj.MLIRLLVMCommonConversion.dir/LoweringOptions.cpp.gcno
        -:    0:Data:../tools/mlir/lib/Conversion/LLVMCommon/CMakeFiles/obj.MLIRLLVMCommonConversion.dir/LoweringOptions.cpp.gcda
        -:    0:Runs:325556
        -:    1://===- LoweringOptions.cpp -  Common config for lowering to LLVM ----------===//
        -:    2://
        -:    3:// Part of the LLVM Project, under the Apache License v2.0 with LLVM Exceptions.
        -:    4:// See https://llvm.org/LICENSE.txt for license information.
        -:    5:// SPDX-License-Identifier: Apache-2.0 WITH LLVM-exception
        -:    6://
        -:    7://===----------------------------------------------------------------------===//
        -:    8:
        -:    9:#include "mlir/Conversion/LLVMCommon/LoweringOptions.h"
        -:   10:#include "mlir/IR/BuiltinTypes.h"
        -:   11:#include "mlir/Interfaces/DataLayoutInterfaces.h"
        -:   12:
        -:   13:using namespace mlir;
        -:   14:
function _ZN4mlir18LowerToLLVMOptionsC2EPNS_11MLIRContextE called 13941 returned 100% blocks executed 100%
    13941:   15:mlir::LowerToLLVMOptions::LowerToLLVMOptions(MLIRContext *ctx)
    13941:   16:    : LowerToLLVMOptions(ctx, DataLayout()) {}
call    0 returned 100%
call    1 returned 100%
call    2 returned 100%
        -:   17:
function _ZN4mlir18LowerToLLVMOptionsC2EPNS_11MLIRContextERKNS_10DataLayoutE called 15658 returned 100% blocks executed 100%
    15658:   18:mlir::LowerToLLVMOptions::LowerToLLVMOptions(MLIRContext *ctx,
    15658:   19:                                             const DataLayout &dl) {
call    0 returned 100%
    15658:   20:  indexBitwidth = dl.getTypeSizeInBits(IndexType::get(ctx));
call    0 returned 100%
call    1 returned 100%
    15658:   21:}
